{
  message: 'Database is connected...',
  level: 'info',
  label: 'right meow!',
  timestamp: '2023-06-04T12:12:02.435Z'
}
{
  message: 'UM server is running on 5000',
  level: 'info',
  label: 'right meow!',
  timestamp: '2023-06-04T12:12:02.458Z'
}
{
  message: 'Database is connected...',
  level: 'info',
  label: 'right meow!',
  timestamp: '2023-06-04T12:12:20.062Z'
}
{
  message: 'UM server is running on 5000',
  level: 'info',
  label: 'right meow!',
  timestamp: '2023-06-04T12:12:20.092Z'
}
{
  message: 'Database is connected...',
  level: 'info',
  label: 'right meow!',
  timestamp: '2023-06-04T12:21:03.804Z'
}
{
  message: 'UM server is running on 5000',
  level: 'info',
  label: 'right meow!',
  timestamp: '2023-06-04T12:21:03.854Z'
}
{
  message: 'Database is connected...',
  level: 'info',
  label: 'right meow!',
  timestamp: '2023-06-04T12:40:47.449Z'
}
{
  message: 'UM server is running on 5000',
  level: 'info',
  label: 'right meow!',
  timestamp: '2023-06-04T12:40:47.464Z'
}
{
  message: 'Database is connected...',
  level: 'info',
  label: 'right meow!',
  timestamp: '2023-06-04T12:41:06.618Z'
}
{
  message: 'UM server is running on 5000',
  level: 'info',
  label: 'right meow!',
  timestamp: '2023-06-04T12:41:06.633Z'
}
{
  message: 'Database is connected...',
  level: 'info',
  label: 'right meow!',
  timestamp: '2023-06-04T12:41:13.653Z'
}
{
  message: 'UM server is running on 5000',
  level: 'info',
  label: 'right meow!',
  timestamp: '2023-06-04T12:41:13.665Z'
}
{
  message: 'Database is connected...',
  level: 'info',
  label: 'right meow!',
  timestamp: '2023-06-04T12:41:23.046Z'
}
{
  message: 'UM server is running on 5000',
  level: 'info',
  label: 'right meow!',
  timestamp: '2023-06-04T12:41:23.060Z'
}
{
  message: 'Database is connected...',
  level: 'info',
  label: 'right meow!',
  timestamp: '2023-06-04T12:41:40.835Z'
}
{
  message: 'UM server is running on 5000',
  level: 'info',
  label: 'right meow!',
  timestamp: '2023-06-04T12:41:40.871Z'
}
{
  message: 'Database is connected...',
  level: 'info',
  label: 'right meow!',
  timestamp: '2023-06-04T12:43:14.004Z'
}
{
  message: 'UM server is running on 5000',
  level: 'info',
  label: 'right meow!',
  timestamp: '2023-06-04T12:43:14.014Z'
}
{
  message: 'Database is connected...',
  level: 'info',
  label: 'right meow!',
  timestamp: '2023-06-04T12:43:50.852Z'
}
{
  message: 'UM server is running on 5000',
  level: 'info',
  label: 'right meow!',
  timestamp: '2023-06-04T12:43:50.865Z'
}
{
  message: 'Database is connected...',
  level: 'info',
  label: 'right meow!',
  timestamp: '2023-06-04T12:44:02.716Z'
}
{
  message: 'UM server is running on 5000',
  level: 'info',
  label: 'right meow!',
  timestamp: '2023-06-04T12:44:02.731Z'
}
{
  message: 'Database is connected...',
  level: 'info',
  label: 'right meow!',
  timestamp: '2023-06-04T12:44:49.466Z'
}
{
  message: 'UM server is running on 5000',
  level: 'info',
  label: 'right meow!',
  timestamp: '2023-06-04T12:44:49.482Z'
}
{
  message: 'Database is connected...',
  level: 'info',
  label: 'right meow!',
  timestamp: '2023-06-04T12:45:08.916Z'
}
{
  message: 'UM server is running on 5000',
  level: 'info',
  label: 'right meow!',
  timestamp: '2023-06-04T12:45:08.935Z'
}
{
  message: 'Database is connected...',
  level: 'info',
  label: 'right meow!',
  timestamp: '2023-06-04T12:46:48.873Z'
}
{
  message: 'UM server is running on 5000',
  level: 'info',
  label: 'right meow!',
  timestamp: '2023-06-04T12:46:48.893Z'
}
{
  message: 'Database is connected...',
  level: 'info',
  label: 'right meow!',
  timestamp: '2023-06-04T12:52:26.155Z'
}
{
  message: 'UM server is running on 5000',
  level: 'info',
  label: 'right meow!',
  timestamp: '2023-06-04T12:52:26.165Z'
}
