{
  message: 'Database is connected...',
  level: 'info',
  label: 'right meow!',
  timestamp: '2023-06-04T13:17:39.883Z'
}
{
  message: 'UM server is running on 5000',
  level: 'info',
  label: 'right meow!',
  timestamp: '2023-06-04T13:17:39.907Z'
}
{
  message: 'Database is connected...',
  level: 'info',
  label: 'right meow!',
  timestamp: '2023-06-04T13:17:48.711Z'
}
{
  message: 'UM server is running on 5000',
  level: 'info',
  label: 'right meow!',
  timestamp: '2023-06-04T13:17:48.730Z'
}
{
  message: 'Database is connected...',
  level: 'info',
  label: 'right meow!',
  timestamp: '2023-06-04T13:19:03.693Z'
}
{
  message: 'UM server is running on 5000',
  level: 'info',
  label: 'right meow!',
  timestamp: '2023-06-04T13:19:03.704Z'
}
{
  message: 'Database is connected...',
  level: 'info',
  label: 'right meow!',
  timestamp: '2023-06-04T13:19:10.876Z'
}
{
  message: 'UM server is running on 5000',
  level: 'info',
  label: 'right meow!',
  timestamp: '2023-06-04T13:19:10.916Z'
}
{
  message: 'Database is connected...',
  level: 'info',
  label: 'right meow!',
  timestamp: '2023-06-04T13:19:44.760Z'
}
{
  message: 'UM server is running on 5000',
  level: 'info',
  label: 'right meow!',
  timestamp: '2023-06-04T13:19:44.775Z'
}
{
  message: 'Database is connected...',
  level: 'info',
  label: 'right meow!',
  timestamp: '2023-06-04T13:20:23.163Z'
}
{
  message: 'UM server is running on 5000',
  level: 'info',
  label: 'right meow!',
  timestamp: '2023-06-04T13:20:23.180Z'
}
{
  message: 'Database is connected...',
  level: 'info',
  label: 'right meow!',
  timestamp: '2023-06-04T13:21:00.715Z'
}
{
  message: 'UM server is running on 5000',
  level: 'info',
  label: 'right meow!',
  timestamp: '2023-06-04T13:21:00.752Z'
}
{
  message: 'Database is connected...',
  level: 'info',
  label: 'right meow!',
  timestamp: '2023-06-04T13:21:17.609Z'
}
{
  message: 'UM server is running on 5000',
  level: 'info',
  label: 'right meow!',
  timestamp: '2023-06-04T13:21:17.626Z'
}
{
  message: 'Database is connected...',
  level: 'info',
  label: 'right meow!',
  timestamp: '2023-06-04T13:21:24.150Z'
}
{
  message: 'UM server is running on 5000',
  level: 'info',
  label: 'right meow!',
  timestamp: '2023-06-04T13:21:24.193Z'
}
{
  message: 'Database is connected...',
  level: 'info',
  label: 'right meow!',
  timestamp: '2023-06-04T13:21:28.882Z'
}
{
  message: 'UM server is running on 5000',
  level: 'info',
  label: 'right meow!',
  timestamp: '2023-06-04T13:21:28.895Z'
}
{
  message: 'Database is connected...',
  level: 'info',
  label: 'right meow!',
  timestamp: '2023-06-04T13:21:56.919Z'
}
{
  message: 'UM server is running on 5000',
  level: 'info',
  label: 'right meow!',
  timestamp: '2023-06-04T13:21:56.937Z'
}
{
  message: 'Database is connected...',
  level: 'info',
  label: 'right meow!',
  timestamp: '2023-06-04T13:22:18.277Z'
}
{
  message: 'UM server is running on 5000',
  level: 'info',
  label: 'right meow!',
  timestamp: '2023-06-04T13:22:18.296Z'
}
{
  message: 'Database is connected...',
  level: 'info',
  label: 'right meow!',
  timestamp: '2023-06-04T13:28:54.545Z'
}
{
  message: 'UM server is running on 5000',
  level: 'info',
  label: 'right meow!',
  timestamp: '2023-06-04T13:28:54.561Z'
}
{
  message: 'Database is connected...',
  level: 'info',
  label: 'right meow!',
  timestamp: '2023-06-04T13:30:24.991Z'
}
{
  message: 'UM server is running on 5000',
  level: 'info',
  label: 'right meow!',
  timestamp: '2023-06-04T13:30:25.015Z'
}
{
  message: 'Database is connected...',
  level: 'info',
  label: 'right meow!',
  timestamp: '2023-06-04T13:30:35.496Z'
}
{
  message: 'UM server is running on 5000',
  level: 'info',
  label: 'right meow!',
  timestamp: '2023-06-04T13:30:35.507Z'
}
{
  message: 'Database is connected...',
  level: 'info',
  label: 'right meow!',
  timestamp: '2023-06-04T13:33:21.117Z'
}
{
  message: 'UM server is running on 5000',
  level: 'info',
  label: 'right meow!',
  timestamp: '2023-06-04T13:33:21.126Z'
}
{
  message: 'Database is connected...',
  level: 'info',
  label: 'right meow!',
  timestamp: '2023-06-04T13:34:01.508Z'
}
{
  message: 'UM server is running on 5000',
  level: 'info',
  label: 'right meow!',
  timestamp: '2023-06-04T13:34:01.526Z'
}
{
  message: 'Database is connected...',
  level: 'info',
  label: 'right meow!',
  timestamp: '2023-06-04T13:34:09.679Z'
}
{
  message: 'UM server is running on 5000',
  level: 'info',
  label: 'right meow!',
  timestamp: '2023-06-04T13:34:09.694Z'
}
{
  message: 'Database is connected...',
  level: 'info',
  label: 'right meow!',
  timestamp: '2023-06-04T13:36:00.905Z'
}
{
  message: 'UM server is running on 5000',
  level: 'info',
  label: 'right meow!',
  timestamp: '2023-06-04T13:36:00.921Z'
}
{
  message: 'Database is connected...',
  level: 'info',
  label: 'right meow!',
  timestamp: '2023-06-04T13:38:03.406Z'
}
{
  message: 'UM server is running on 5000',
  level: 'info',
  label: 'right meow!',
  timestamp: '2023-06-04T13:38:03.428Z'
}
{
  message: 'Database is connected...',
  level: 'info',
  label: 'right meow!',
  timestamp: '2023-06-04T13:47:50.656Z'
}
{
  message: 'UM server is running on 5000',
  level: 'info',
  label: 'right meow!',
  timestamp: '2023-06-04T13:47:50.673Z'
}
{
  message: 'Database is connected...',
  level: 'info',
  label: 'right meow!',
  timestamp: '2023-06-04T13:48:03.870Z'
}
{
  message: 'UM server is running on 5000',
  level: 'info',
  label: 'right meow!',
  timestamp: '2023-06-04T13:48:03.879Z'
}
{
  message: 'Database is connected...',
  level: 'info',
  label: 'right meow!',
  timestamp: '2023-06-04T13:49:49.859Z'
}
{
  message: 'UM server is running on 5000',
  level: 'info',
  label: 'right meow!',
  timestamp: '2023-06-04T13:49:49.886Z'
}
{
  message: 'Database is connected...',
  level: 'info',
  label: 'right meow!',
  timestamp: '2023-06-04T13:50:09.730Z'
}
{
  message: 'UM server is running on 5000',
  level: 'info',
  label: 'right meow!',
  timestamp: '2023-06-04T13:50:09.742Z'
}
{
  message: 'Database is connected...',
  level: 'info',
  label: 'right meow!',
  timestamp: '2023-06-04T13:50:39.027Z'
}
{
  message: 'UM server is running on 5000',
  level: 'info',
  label: 'right meow!',
  timestamp: '2023-06-04T13:50:39.036Z'
}
{
  message: 'Database is connected...',
  level: 'info',
  label: 'right meow!',
  timestamp: '2023-06-04T13:55:57.548Z'
}
{
  message: 'UM server is running on 5000',
  level: 'info',
  label: 'right meow!',
  timestamp: '2023-06-04T13:55:57.562Z'
}
{
  message: 'Database is connected...',
  level: 'info',
  label: 'right meow!',
  timestamp: '2023-06-04T13:56:35.779Z'
}
{
  message: 'UM server is running on 5000',
  level: 'info',
  label: 'right meow!',
  timestamp: '2023-06-04T13:56:35.795Z'
}
{
  message: 'Database is connected...',
  level: 'info',
  label: 'right meow!',
  timestamp: '2023-06-04T13:56:46.495Z'
}
{
  message: 'UM server is running on 5000',
  level: 'info',
  label: 'right meow!',
  timestamp: '2023-06-04T13:56:46.510Z'
}
{
  message: 'Database is connected...',
  level: 'info',
  label: 'right meow!',
  timestamp: '2023-06-04T13:57:27.732Z'
}
{
  message: 'UM server is running on 5000',
  level: 'info',
  label: 'right meow!',
  timestamp: '2023-06-04T13:57:27.742Z'
}
{
  message: 'Database is connected...',
  level: 'info',
  label: 'right meow!',
  timestamp: '2023-06-04T13:58:02.707Z'
}
{
  message: 'UM server is running on 5000',
  level: 'info',
  label: 'right meow!',
  timestamp: '2023-06-04T13:58:02.726Z'
}
{
  message: 'Database is connected...',
  level: 'info',
  label: 'right meow!',
  timestamp: '2023-06-04T13:58:31.424Z'
}
{
  message: 'UM server is running on 5000',
  level: 'info',
  label: 'right meow!',
  timestamp: '2023-06-04T13:58:31.438Z'
}
{
  message: 'Database is connected...',
  level: 'info',
  label: 'right meow!',
  timestamp: '2023-06-04T13:59:12.501Z'
}
{
  message: 'UM server is running on 5000',
  level: 'info',
  label: 'right meow!',
  timestamp: '2023-06-04T13:59:12.517Z'
}
