{
  message: 'Database is connected...',
  level: 'info',
  label: 'right meow!',
  timestamp: '2023-06-04T14:00:15.852Z'
}
{
  message: 'UM server is running on 5000',
  level: 'info',
  label: 'right meow!',
  timestamp: '2023-06-04T14:00:15.867Z'
}
{
  message: 'Database is connected...',
  level: 'info',
  label: 'right meow!',
  timestamp: '2023-06-04T14:00:32.609Z'
}
{
  message: 'UM server is running on 5000',
  level: 'info',
  label: 'right meow!',
  timestamp: '2023-06-04T14:00:32.638Z'
}
{
  message: 'Database is connected...',
  level: 'info',
  label: 'right meow!',
  timestamp: '2023-06-04T14:00:51.650Z'
}
{
  message: 'UM server is running on 5000',
  level: 'info',
  label: 'right meow!',
  timestamp: '2023-06-04T14:00:51.686Z'
}
{
  message: 'Database is connected...',
  level: 'info',
  label: 'right meow!',
  timestamp: '2023-06-04T14:01:00.529Z'
}
{
  message: 'UM server is running on 5000',
  level: 'info',
  label: 'right meow!',
  timestamp: '2023-06-04T14:01:00.542Z'
}
{
  message: 'Database is connected...',
  level: 'info',
  label: 'right meow!',
  timestamp: '2023-06-04T14:01:31.360Z'
}
{
  message: 'UM server is running on 5000',
  level: 'info',
  label: 'right meow!',
  timestamp: '2023-06-04T14:01:31.373Z'
}
{
  message: 'Database is connected...',
  level: 'info',
  label: 'right meow!',
  timestamp: '2023-06-04T14:01:38.007Z'
}
{
  message: 'UM server is running on 5000',
  level: 'info',
  label: 'right meow!',
  timestamp: '2023-06-04T14:01:38.023Z'
}
{
  message: 'Database is connected...',
  level: 'info',
  label: 'right meow!',
  timestamp: '2023-06-04T14:03:24.936Z'
}
{
  message: 'UM server is running on 5000',
  level: 'info',
  label: 'right meow!',
  timestamp: '2023-06-04T14:03:24.947Z'
}
